This is XeTeX, Version 3.141592653-2.6-0.999996 (TeX Live 2024) (preloaded format=xelatex 2024.6.1)  26 JUN 2024 23:41
entering extended mode
 restricted \write18 enabled.
 %&-line parsing enabled.
**media/Tex/981928ce5b4c382b.tex
(./media/Tex/981928ce5b4c382b.tex
LaTeX2e <2023-11-01> patch level 1
L3 programming layer <2024-05-08>

! LaTeX Error: File `standalone.cls' not found.

Type X to quit or <RETURN> to proceed,
or enter new name. (Default extension: cls)

Enter file name: 
! Emergency stop.
<read *> 
         
l.2 \usepackage
               [english]{babel}^^M 
Here is how much of TeX's memory you used:
 19 strings out of 476647
 422 string characters out of 5797814
 1918559 words of memory out of 5000000
 22264 multiletter control sequences out of 15000+600000
 558069 words of font info for 36 fonts, out of 8000000 for 9000
 14 hyphenation exceptions out of 8191
 19i,0n,29p,97b,17s stack positions out of 10000i,1000n,20000p,200000b,200000s

No pages of output.
